<html>
<body>
<pre>
<h1>µVision Build Log</h1>
<h2>Project:</h2>
C:\Users\56111\Desktop\Lab01pt2.uvproj
Project File Date:  10/18/2022

<h2>Output:</h2>
Build target 'Target 1'
assembling pt2.s...
uVision\pt2.s(3): error: A1516E: Bad symbol 'A', not defined or external
uVision\pt2.s(4): error: A1516E: Bad symbol 'B', not defined or external
uVision\pt2.s(5): error: A1516E: Bad symbol 'C', not defined or external
uVision\pt2.s(6): error: A1516E: Bad symbol 'D', not defined or external
".\Lab01pt2.axf" - 4 Error(s), 0 Warning(s).
Target not created
</pre>
</body>
</html>
 Macro
uVision\pt2.s(15): warning: A1313W: Missing END directive at end of file
".\Lab01pt2.axf" - 5 Error(s), 1 Warning(s).
Target not created
